<?xml version="1.0" encoding="UTF-8" ?>
<testsuite failures="0" time="0.024" errors="0" skipped="0" tests="0" name="com.ntprotocol.Test">
  <properties>
    <property name="java.runtime.name" value="Java(TM) SE Runtime Environment"/>
    <property name="sun.boot.library.path" value="D:\jdk1.7.0_40\jre\bin"/>
    <property name="java.vm.version" value="24.0-b56"/>
    <property name="java.vm.vendor" value="Oracle Corporation"/>
    <property name="java.vendor.url" value="http://java.oracle.com/"/>
    <property name="path.separator" value=";"/>
    <property name="java.vm.name" value="Java HotSpot(TM) 64-Bit Server VM"/>
    <property name="file.encoding.pkg" value="sun.io"/>
    <property name="user.script" value=""/>
    <property name="user.country" value="CN"/>
    <property name="sun.java.launcher" value="SUN_STANDARD"/>
    <property name="sun.os.patch.level" value="Service Pack 1"/>
    <property name="java.vm.specification.name" value="Java Virtual Machine Specification"/>
    <property name="user.dir" value="E:\tank\luna\EasyNT\NTProtocol"/>
    <property name="java.runtime.version" value="1.7.0_40-b43"/>
    <property name="java.awt.graphicsenv" value="sun.awt.Win32GraphicsEnvironment"/>
    <property name="basedir" value="E:\tank\luna\EasyNT\NTProtocol"/>
    <property name="java.endorsed.dirs" value="D:\jdk1.7.0_40\jre\lib\endorsed"/>
    <property name="os.arch" value="amd64"/>
    <property name="surefire.real.class.path" value="E:\tank\luna\EasyNT\NTProtocol\target\surefire\surefirebooter6631708765685148603.jar"/>
    <property name="java.io.tmpdir" value="C:\Users\a\AppData\Local\Temp\"/>
    <property name="line.separator" value="
"/>
    <property name="java.vm.specification.vendor" value="Oracle Corporation"/>
    <property name="user.variant" value=""/>
    <property name="os.name" value="Windows 7"/>
    <property name="sun.jnu.encoding" value="GBK"/>
    <property name="java.library.path" value="D:\jdk1.7.0_40\jre\bin;C:\windows\Sun\Java\bin;C:\windows\system32;C:\windows;D:/jdk1.7.0_40/bin/../jre/bin/server;D:/jdk1.7.0_40/bin/../jre/bin;D:/jdk1.7.0_40/bin/../jre/lib/amd64;C:\Program Files (x86)\Common Files\NetSarang;C:\Program Files (x86)\NVIDIA Corporation\PhysX\Common;C:\Program Files (x86)\Intel\iCLS Client\;C:\Program Files\Intel\iCLS Client\;C:\windows\system32;C:\windows;C:\windows\System32\Wbem;C:\windows\System32\WindowsPowerShell\v1.0\;C:\Program Files\Intel\Intel(R) Management Engine Components\DAL;C:\Program Files\Intel\Intel(R) Management Engine Components\IPT;C:\Program Files (x86)\Intel\Intel(R) Management Engine Components\DAL;C:\Program Files (x86)\Intel\Intel(R) Management Engine Components\IPT;C:\Program Files\TortoiseSVN\bin;D:\jdk1.7.0_40\bin;D:\jdk1.7.0_40\jre\bin;D:\apache-maven\bin;E:\mongodb\mongodb2.4.9\bin;E:\mysql-5.6.16-winx64\bin;C:\Program Files\TortoiseGit\bin;D:\erl6.1\bin;C:\Program Files\OpenVPN\bin;E:\tank\eclips-luna\eclipse;;."/>
    <property name="surefire.test.class.path" value="E:\tank\luna\EasyNT\NTProtocol\target\test-classes;E:\tank\luna\EasyNT\NTProtocol\target\classes;E:\tank\repository\com\google\protobuf\protobuf-java\2.5.0\protobuf-java-2.5.0.jar;"/>
    <property name="java.specification.name" value="Java Platform API Specification"/>
    <property name="java.class.version" value="51.0"/>
    <property name="sun.management.compiler" value="HotSpot 64-Bit Tiered Compilers"/>
    <property name="os.version" value="6.1"/>
    <property name="user.home" value="C:\Users\a"/>
    <property name="user.timezone" value=""/>
    <property name="java.awt.printerjob" value="sun.awt.windows.WPrinterJob"/>
    <property name="java.specification.version" value="1.7"/>
    <property name="file.encoding" value="GBK"/>
    <property name="user.name" value="a"/>
    <property name="java.class.path" value="E:\tank\luna\EasyNT\NTProtocol\target\test-classes;E:\tank\luna\EasyNT\NTProtocol\target\classes;E:\tank\repository\com\google\protobuf\protobuf-java\2.5.0\protobuf-java-2.5.0.jar;"/>
    <property name="java.vm.specification.version" value="1.7"/>
    <property name="sun.arch.data.model" value="64"/>
    <property name="java.home" value="D:\jdk1.7.0_40\jre"/>
    <property name="sun.java.command" value="E:\tank\luna\EasyNT\NTProtocol\target\surefire\surefirebooter6631708765685148603.jar E:\tank\luna\EasyNT\NTProtocol\target\surefire\surefire1327987617761274582tmp E:\tank\luna\EasyNT\NTProtocol\target\surefire\surefire5874032863553794484tmp"/>
    <property name="java.specification.vendor" value="Oracle Corporation"/>
    <property name="user.language" value="zh"/>
    <property name="awt.toolkit" value="sun.awt.windows.WToolkit"/>
    <property name="java.vm.info" value="mixed mode"/>
    <property name="java.version" value="1.7.0_40"/>
    <property name="java.ext.dirs" value="D:\jdk1.7.0_40\jre\lib\ext;C:\windows\Sun\Java\lib\ext"/>
    <property name="sun.boot.class.path" value="D:\jdk1.7.0_40\jre\lib\resources.jar;D:\jdk1.7.0_40\jre\lib\rt.jar;D:\jdk1.7.0_40\jre\lib\sunrsasign.jar;D:\jdk1.7.0_40\jre\lib\jsse.jar;D:\jdk1.7.0_40\jre\lib\jce.jar;D:\jdk1.7.0_40\jre\lib\charsets.jar;D:\jdk1.7.0_40\jre\lib\jfr.jar;D:\jdk1.7.0_40\jre\classes"/>
    <property name="java.vendor" value="Oracle Corporation"/>
    <property name="localRepository" value="E:\tank\repository"/>
    <property name="file.separator" value="\"/>
    <property name="java.vendor.url.bug" value="http://bugreport.sun.com/bugreport/"/>
    <property name="sun.cpu.endian" value="little"/>
    <property name="sun.io.unicode.encoding" value="UnicodeLittle"/>
    <property name="sun.desktop" value="windows"/>
    <property name="sun.cpu.isalist" value="amd64"/>
  </properties>
</testsuite>