<?xml version="1.0" encoding="UTF-8" ?>
<testsuite failures="1" time="125.578" errors="0" skipped="0" tests="4" name="com.easy.ntdb.dao.UserDAOTest">
  <properties>
    <property name="java.runtime.name" value="Java(TM) SE Runtime Environment"/>
    <property name="sun.boot.library.path" value="D:\jdk1.7.0_40\jre\bin"/>
    <property name="java.vm.version" value="24.0-b56"/>
    <property name="java.vm.vendor" value="Oracle Corporation"/>
    <property name="java.vendor.url" value="http://java.oracle.com/"/>
    <property name="path.separator" value=";"/>
    <property name="java.vm.name" value="Java HotSpot(TM) 64-Bit Server VM"/>
    <property name="file.encoding.pkg" value="sun.io"/>
    <property name="user.script" value=""/>
    <property name="user.country" value="CN"/>
    <property name="sun.java.launcher" value="SUN_STANDARD"/>
    <property name="sun.os.patch.level" value="Service Pack 1"/>
    <property name="java.vm.specification.name" value="Java Virtual Machine Specification"/>
    <property name="user.dir" value="E:\tank\luna\EasyNT\NTDB"/>
    <property name="java.runtime.version" value="1.7.0_40-b43"/>
    <property name="java.awt.graphicsenv" value="sun.awt.Win32GraphicsEnvironment"/>
    <property name="basedir" value="E:\tank\luna\EasyNT\NTDB"/>
    <property name="java.endorsed.dirs" value="D:\jdk1.7.0_40\jre\lib\endorsed"/>
    <property name="os.arch" value="amd64"/>
    <property name="surefire.real.class.path" value="E:\tank\luna\EasyNT\NTDB\target\surefire\surefirebooter1905986537524342076.jar"/>
    <property name="java.io.tmpdir" value="C:\Users\a\AppData\Local\Temp\"/>
    <property name="line.separator" value="
"/>
    <property name="java.vm.specification.vendor" value="Oracle Corporation"/>
    <property name="user.variant" value=""/>
    <property name="os.name" value="Windows 7"/>
    <property name="sun.jnu.encoding" value="GBK"/>
    <property name="java.library.path" value="D:\jdk1.7.0_40\jre\bin;C:\windows\Sun\Java\bin;C:\windows\system32;C:\windows;D:/jdk1.7.0_40/bin/../jre/bin/server;D:/jdk1.7.0_40/bin/../jre/bin;D:/jdk1.7.0_40/bin/../jre/lib/amd64;C:\Program Files (x86)\Common Files\NetSarang;C:\Program Files (x86)\NVIDIA Corporation\PhysX\Common;C:\Program Files (x86)\Intel\iCLS Client\;C:\Program Files\Intel\iCLS Client\;C:\windows\system32;C:\windows;C:\windows\System32\Wbem;C:\windows\System32\WindowsPowerShell\v1.0\;C:\Program Files\Intel\Intel(R) Management Engine Components\DAL;C:\Program Files\Intel\Intel(R) Management Engine Components\IPT;C:\Program Files (x86)\Intel\Intel(R) Management Engine Components\DAL;C:\Program Files (x86)\Intel\Intel(R) Management Engine Components\IPT;C:\Program Files\TortoiseSVN\bin;D:\jdk1.7.0_40\bin;D:\jdk1.7.0_40\jre\bin;D:\apache-maven\bin;E:\mongodb\mongodb2.4.9\bin;E:\mysql-5.6.16-winx64\bin;C:\Program Files\TortoiseGit\bin;D:\erl6.1\bin;C:\Program Files\OpenVPN\bin;E:\tank\eclips-luna\eclipse;;."/>
    <property name="surefire.test.class.path" value="E:\tank\luna\EasyNT\NTDB\target\test-classes;E:\tank\luna\EasyNT\NTDB\target\classes;E:\tank\repository\org\springframework\data\spring-data-mongodb\1.3.1.RELEASE\spring-data-mongodb-1.3.1.RELEASE.jar;E:\tank\repository\org\springframework\data\spring-data-commons\1.6.1.RELEASE\spring-data-commons-1.6.1.RELEASE.jar;E:\tank\repository\org\mongodb\mongo-java-driver\2.10.1\mongo-java-driver-2.10.1.jar;E:\tank\repository\org\slf4j\jcl-over-slf4j\1.7.1\jcl-over-slf4j-1.7.1.jar;E:\tank\repository\org\springframework\spring-core\3.2.8.RELEASE\spring-core-3.2.8.RELEASE.jar;E:\tank\repository\commons-logging\commons-logging\1.1.3\commons-logging-1.1.3.jar;E:\tank\repository\org\springframework\spring-expression\3.2.8.RELEASE\spring-expression-3.2.8.RELEASE.jar;E:\tank\repository\org\springframework\spring-tx\3.2.8.RELEASE\spring-tx-3.2.8.RELEASE.jar;E:\tank\repository\org\springframework\spring-beans\3.2.8.RELEASE\spring-beans-3.2.8.RELEASE.jar;E:\tank\repository\org\springframework\spring-aop\3.2.8.RELEASE\spring-aop-3.2.8.RELEASE.jar;E:\tank\repository\aopalliance\aopalliance\1.0\aopalliance-1.0.jar;E:\tank\repository\org\springframework\spring-context\3.2.8.RELEASE\spring-context-3.2.8.RELEASE.jar;E:\tank\repository\org\springframework\spring-context-support\3.2.8.RELEASE\spring-context-support-3.2.8.RELEASE.jar;E:\tank\repository\org\springframework\spring-test\3.2.8.RELEASE\spring-test-3.2.8.RELEASE.jar;E:\tank\repository\org\springframework\data\spring-data-redis\1.2.0.RELEASE\spring-data-redis-1.2.0.RELEASE.jar;E:\tank\repository\redis\clients\jedis\2.4.1\jedis-2.4.1.jar;E:\tank\repository\org\apache\commons\commons-pool2\2.0\commons-pool2-2.0.jar;E:\tank\repository\junit\junit\4.9\junit-4.9.jar;E:\tank\repository\org\hamcrest\hamcrest-core\1.1\hamcrest-core-1.1.jar;E:\tank\repository\org\slf4j\slf4j-api\1.6.1\slf4j-api-1.6.1.jar;E:\tank\repository\ch\qos\logback\logback-core\0.9.28\logback-core-0.9.28.jar;E:\tank\repository\ch\qos\logback\logback-classic\0.9.28\logback-classic-0.9.28.jar;E:\tank\repository\org\codehaus\jackson\jackson-core-asl\1.9.12\jackson-core-asl-1.9.12.jar;E:\tank\repository\org\codehaus\jackson\jackson-mapper-asl\1.9.13\jackson-mapper-asl-1.9.13.jar;E:\tank\repository\commons-beanutils\commons-beanutils\1.8.3\commons-beanutils-1.8.3.jar;E:\tank\repository\commons-lang\commons-lang\2.6\commons-lang-2.6.jar;E:\tank\repository\com\google\guava\guava\18.0\guava-18.0.jar;E:\tank\repository\com\alibaba\fastjson\1.1.23\fastjson-1.1.23.jar;"/>
    <property name="java.specification.name" value="Java Platform API Specification"/>
    <property name="java.class.version" value="51.0"/>
    <property name="sun.management.compiler" value="HotSpot 64-Bit Tiered Compilers"/>
    <property name="os.version" value="6.1"/>
    <property name="user.home" value="C:\Users\a"/>
    <property name="user.timezone" value="Asia/Shanghai"/>
    <property name="java.awt.printerjob" value="sun.awt.windows.WPrinterJob"/>
    <property name="java.specification.version" value="1.7"/>
    <property name="file.encoding" value="GBK"/>
    <property name="user.name" value="a"/>
    <property name="java.class.path" value="E:\tank\luna\EasyNT\NTDB\target\test-classes;E:\tank\luna\EasyNT\NTDB\target\classes;E:\tank\repository\org\springframework\data\spring-data-mongodb\1.3.1.RELEASE\spring-data-mongodb-1.3.1.RELEASE.jar;E:\tank\repository\org\springframework\data\spring-data-commons\1.6.1.RELEASE\spring-data-commons-1.6.1.RELEASE.jar;E:\tank\repository\org\mongodb\mongo-java-driver\2.10.1\mongo-java-driver-2.10.1.jar;E:\tank\repository\org\slf4j\jcl-over-slf4j\1.7.1\jcl-over-slf4j-1.7.1.jar;E:\tank\repository\org\springframework\spring-core\3.2.8.RELEASE\spring-core-3.2.8.RELEASE.jar;E:\tank\repository\commons-logging\commons-logging\1.1.3\commons-logging-1.1.3.jar;E:\tank\repository\org\springframework\spring-expression\3.2.8.RELEASE\spring-expression-3.2.8.RELEASE.jar;E:\tank\repository\org\springframework\spring-tx\3.2.8.RELEASE\spring-tx-3.2.8.RELEASE.jar;E:\tank\repository\org\springframework\spring-beans\3.2.8.RELEASE\spring-beans-3.2.8.RELEASE.jar;E:\tank\repository\org\springframework\spring-aop\3.2.8.RELEASE\spring-aop-3.2.8.RELEASE.jar;E:\tank\repository\aopalliance\aopalliance\1.0\aopalliance-1.0.jar;E:\tank\repository\org\springframework\spring-context\3.2.8.RELEASE\spring-context-3.2.8.RELEASE.jar;E:\tank\repository\org\springframework\spring-context-support\3.2.8.RELEASE\spring-context-support-3.2.8.RELEASE.jar;E:\tank\repository\org\springframework\spring-test\3.2.8.RELEASE\spring-test-3.2.8.RELEASE.jar;E:\tank\repository\org\springframework\data\spring-data-redis\1.2.0.RELEASE\spring-data-redis-1.2.0.RELEASE.jar;E:\tank\repository\redis\clients\jedis\2.4.1\jedis-2.4.1.jar;E:\tank\repository\org\apache\commons\commons-pool2\2.0\commons-pool2-2.0.jar;E:\tank\repository\junit\junit\4.9\junit-4.9.jar;E:\tank\repository\org\hamcrest\hamcrest-core\1.1\hamcrest-core-1.1.jar;E:\tank\repository\org\slf4j\slf4j-api\1.6.1\slf4j-api-1.6.1.jar;E:\tank\repository\ch\qos\logback\logback-core\0.9.28\logback-core-0.9.28.jar;E:\tank\repository\ch\qos\logback\logback-classic\0.9.28\logback-classic-0.9.28.jar;E:\tank\repository\org\codehaus\jackson\jackson-core-asl\1.9.12\jackson-core-asl-1.9.12.jar;E:\tank\repository\org\codehaus\jackson\jackson-mapper-asl\1.9.13\jackson-mapper-asl-1.9.13.jar;E:\tank\repository\commons-beanutils\commons-beanutils\1.8.3\commons-beanutils-1.8.3.jar;E:\tank\repository\commons-lang\commons-lang\2.6\commons-lang-2.6.jar;E:\tank\repository\com\google\guava\guava\18.0\guava-18.0.jar;E:\tank\repository\com\alibaba\fastjson\1.1.23\fastjson-1.1.23.jar;"/>
    <property name="java.vm.specification.version" value="1.7"/>
    <property name="sun.arch.data.model" value="64"/>
    <property name="java.home" value="D:\jdk1.7.0_40\jre"/>
    <property name="sun.java.command" value="E:\tank\luna\EasyNT\NTDB\target\surefire\surefirebooter1905986537524342076.jar E:\tank\luna\EasyNT\NTDB\target\surefire\surefire4953188201418387803tmp E:\tank\luna\EasyNT\NTDB\target\surefire\surefire2792144418564792493tmp"/>
    <property name="java.specification.vendor" value="Oracle Corporation"/>
    <property name="user.language" value="zh"/>
    <property name="awt.toolkit" value="sun.awt.windows.WToolkit"/>
    <property name="java.vm.info" value="mixed mode"/>
    <property name="java.version" value="1.7.0_40"/>
    <property name="java.ext.dirs" value="D:\jdk1.7.0_40\jre\lib\ext;C:\windows\Sun\Java\lib\ext"/>
    <property name="sun.boot.class.path" value="D:\jdk1.7.0_40\jre\lib\resources.jar;D:\jdk1.7.0_40\jre\lib\rt.jar;D:\jdk1.7.0_40\jre\lib\sunrsasign.jar;D:\jdk1.7.0_40\jre\lib\jsse.jar;D:\jdk1.7.0_40\jre\lib\jce.jar;D:\jdk1.7.0_40\jre\lib\charsets.jar;D:\jdk1.7.0_40\jre\lib\jfr.jar;D:\jdk1.7.0_40\jre\classes"/>
    <property name="java.vendor" value="Oracle Corporation"/>
    <property name="localRepository" value="E:\tank\repository"/>
    <property name="file.separator" value="\"/>
    <property name="java.vendor.url.bug" value="http://bugreport.sun.com/bugreport/"/>
    <property name="sun.cpu.endian" value="little"/>
    <property name="sun.io.unicode.encoding" value="UnicodeLittle"/>
    <property name="sun.desktop" value="windows"/>
    <property name="sun.cpu.isalist" value="amd64"/>
  </properties>
  <testcase time="0.936" classname="com.easy.ntdb.dao.UserDAOTest" name="testAddUser"/>
  <testcase time="124.522" classname="com.easy.ntdb.dao.UserDAOTest" name="testUserAndFriend"/>
  <testcase time="0.003" classname="com.easy.ntdb.dao.UserDAOTest" name="testAddUserFriend">
    <failure message="Not yet implemented" type="java.lang.AssertionError">java.lang.AssertionError: Not yet implemented
	at org.junit.Assert.fail(Assert.java:93)
	at com.easy.ntdb.dao.UserDAOTest.testAddUserFriend(UserDAOTest.java:26)
	at sun.reflect.NativeMethodAccessorImpl.invoke0(Native Method)
	at sun.reflect.NativeMethodAccessorImpl.invoke(NativeMethodAccessorImpl.java:57)
	at sun.reflect.DelegatingMethodAccessorImpl.invoke(DelegatingMethodAccessorImpl.java:43)
	at java.lang.reflect.Method.invoke(Method.java:606)
	at org.junit.runners.model.FrameworkMethod$1.runReflectiveCall(FrameworkMethod.java:44)
	at org.junit.internal.runners.model.ReflectiveCallable.run(ReflectiveCallable.java:15)
	at org.junit.runners.model.FrameworkMethod.invokeExplosively(FrameworkMethod.java:41)
	at org.junit.internal.runners.statements.InvokeMethod.evaluate(InvokeMethod.java:20)
	at org.springframework.test.context.junit4.statements.RunBeforeTestMethodCallbacks.evaluate(RunBeforeTestMethodCallbacks.java:74)
	at org.springframework.test.context.junit4.statements.RunAfterTestMethodCallbacks.evaluate(RunAfterTestMethodCallbacks.java:83)
	at org.springframework.test.context.junit4.statements.SpringRepeat.evaluate(SpringRepeat.java:72)
	at org.springframework.test.context.junit4.SpringJUnit4ClassRunner.runChild(SpringJUnit4ClassRunner.java:231)
	at org.springframework.test.context.junit4.SpringJUnit4ClassRunner.runChild(SpringJUnit4ClassRunner.java:88)
	at org.junit.runners.ParentRunner$3.run(ParentRunner.java:231)
	at org.junit.runners.ParentRunner$1.schedule(ParentRunner.java:60)
	at org.junit.runners.ParentRunner.runChildren(ParentRunner.java:229)
	at org.junit.runners.ParentRunner.access$000(ParentRunner.java:50)
	at org.junit.runners.ParentRunner$2.evaluate(ParentRunner.java:222)
	at org.springframework.test.context.junit4.statements.RunBeforeTestClassCallbacks.evaluate(RunBeforeTestClassCallbacks.java:61)
	at org.springframework.test.context.junit4.statements.RunAfterTestClassCallbacks.evaluate(RunAfterTestClassCallbacks.java:71)
	at org.junit.runners.ParentRunner.run(ParentRunner.java:292)
	at org.springframework.test.context.junit4.SpringJUnit4ClassRunner.run(SpringJUnit4ClassRunner.java:174)
	at org.apache.maven.surefire.junit4.JUnit4TestSet.execute(JUnit4TestSet.java:35)
	at org.apache.maven.surefire.junit4.JUnit4Provider.executeTestSet(JUnit4Provider.java:115)
	at org.apache.maven.surefire.junit4.JUnit4Provider.invoke(JUnit4Provider.java:97)
	at sun.reflect.NativeMethodAccessorImpl.invoke0(Native Method)
	at sun.reflect.NativeMethodAccessorImpl.invoke(NativeMethodAccessorImpl.java:57)
	at sun.reflect.DelegatingMethodAccessorImpl.invoke(DelegatingMethodAccessorImpl.java:43)
	at java.lang.reflect.Method.invoke(Method.java:606)
	at org.apache.maven.surefire.booter.ProviderFactory$ClassLoaderProxy.invoke(ProviderFactory.java:103)
	at com.sun.proxy.$Proxy0.invoke(Unknown Source)
	at org.apache.maven.surefire.booter.SurefireStarter.invokeProvider(SurefireStarter.java:150)
	at org.apache.maven.surefire.booter.SurefireStarter.runSuitesInProcess(SurefireStarter.java:91)
	at org.apache.maven.surefire.booter.ForkedBooter.main(ForkedBooter.java:69)
</failure>
    <system-out>17:35:32.936 [main] DEBUG o.s.t.annotation.ProfileValueUtils - Retrieved @ProfileValueSourceConfiguration [null] for test class [com.easy.ntdb.dao.UserDAOTest]
17:35:32.936 [main] DEBUG o.s.t.annotation.ProfileValueUtils - Retrieved ProfileValueSource type [class org.springframework.test.annotation.SystemProfileValueSource] for class [com.easy.ntdb.dao.UserDAOTest]
17:35:32.936 [main] DEBUG o.s.t.c.s.DependencyInjectionTestExecutionListener - Performing dependency injection for test context [[TestContext@2810b7f7 testClass = UserDAOTest, testInstance = com.easy.ntdb.dao.UserDAOTest@21246e92, testMethod = [null], testException = [null], mergedContextConfiguration = [MergedContextConfiguration@3f2a4aec testClass = UserDAOTest, locations = &apos;{classpath*:*Context.xml}&apos;, classes = &apos;{}&apos;, contextInitializerClasses = &apos;[]&apos;, activeProfiles = &apos;{}&apos;, contextLoader = &apos;org.springframework.test.context.support.DelegatingSmartContextLoader&apos;, parent = [null]]]].
17:35:32.936 [main] DEBUG o.s.t.c.CacheAwareContextLoaderDelegate - Retrieved ApplicationContext from cache with key [[MergedContextConfiguration@3f2a4aec testClass = UserDAOTest, locations = &apos;{classpath*:*Context.xml}&apos;, classes = &apos;{}&apos;, contextInitializerClasses = &apos;[]&apos;, activeProfiles = &apos;{}&apos;, contextLoader = &apos;org.springframework.test.context.support.DelegatingSmartContextLoader&apos;, parent = [null]]].
17:35:32.938 [main] DEBUG o.s.b.f.annotation.InjectionMetadata - Processing injected method of bean &apos;com.easy.ntdb.dao.UserDAOTest&apos;: ResourceElement for private com.easy.ntdb.dao.IUserDAO com.easy.ntdb.dao.UserDAOTest.userDAO
17:35:32.938 [main] DEBUG o.s.b.f.s.DefaultListableBeanFactory - Returning cached instance of singleton bean &apos;userDAO&apos;
17:35:32.938 [main] DEBUG o.s.t.c.s.DirtiesContextTestExecutionListener - After test method: context [[TestContext@2810b7f7 testClass = UserDAOTest, testInstance = com.easy.ntdb.dao.UserDAOTest@21246e92, testMethod = testAddUserFriend@UserDAOTest, testException = java.lang.AssertionError: Not yet implemented, mergedContextConfiguration = [MergedContextConfiguration@3f2a4aec testClass = UserDAOTest, locations = &apos;{classpath*:*Context.xml}&apos;, classes = &apos;{}&apos;, contextInitializerClasses = &apos;[]&apos;, activeProfiles = &apos;{}&apos;, contextLoader = &apos;org.springframework.test.context.support.DelegatingSmartContextLoader&apos;, parent = [null]]]], class dirties context [false], class mode [null], method dirties context [false].
</system-out>
  </testcase>
  <testcase time="0.04" classname="com.easy.ntdb.dao.UserDAOTest" name="testsaveLogin"/>
</testsuite>