<?xml version="1.0" encoding="UTF-8" ?>
<testsuite failures="0" time="0.117" errors="1" skipped="0" tests="1" name="com.easy.ntdb.BaseTest">
  <properties>
    <property name="java.runtime.name" value="Java(TM) SE Runtime Environment"/>
    <property name="sun.boot.library.path" value="D:\jdk1.7.0_40\jre\bin"/>
    <property name="java.vm.version" value="24.0-b56"/>
    <property name="java.vm.vendor" value="Oracle Corporation"/>
    <property name="java.vendor.url" value="http://java.oracle.com/"/>
    <property name="path.separator" value=";"/>
    <property name="java.vm.name" value="Java HotSpot(TM) 64-Bit Server VM"/>
    <property name="file.encoding.pkg" value="sun.io"/>
    <property name="user.script" value=""/>
    <property name="user.country" value="CN"/>
    <property name="sun.java.launcher" value="SUN_STANDARD"/>
    <property name="sun.os.patch.level" value="Service Pack 1"/>
    <property name="java.vm.specification.name" value="Java Virtual Machine Specification"/>
    <property name="user.dir" value="E:\tank\luna\EasyNT\NTDB"/>
    <property name="java.runtime.version" value="1.7.0_40-b43"/>
    <property name="java.awt.graphicsenv" value="sun.awt.Win32GraphicsEnvironment"/>
    <property name="basedir" value="E:\tank\luna\EasyNT\NTDB"/>
    <property name="java.endorsed.dirs" value="D:\jdk1.7.0_40\jre\lib\endorsed"/>
    <property name="os.arch" value="amd64"/>
    <property name="surefire.real.class.path" value="E:\tank\luna\EasyNT\NTDB\target\surefire\surefirebooter1905986537524342076.jar"/>
    <property name="java.io.tmpdir" value="C:\Users\a\AppData\Local\Temp\"/>
    <property name="line.separator" value="
"/>
    <property name="java.vm.specification.vendor" value="Oracle Corporation"/>
    <property name="user.variant" value=""/>
    <property name="os.name" value="Windows 7"/>
    <property name="sun.jnu.encoding" value="GBK"/>
    <property name="java.library.path" value="D:\jdk1.7.0_40\jre\bin;C:\windows\Sun\Java\bin;C:\windows\system32;C:\windows;D:/jdk1.7.0_40/bin/../jre/bin/server;D:/jdk1.7.0_40/bin/../jre/bin;D:/jdk1.7.0_40/bin/../jre/lib/amd64;C:\Program Files (x86)\Common Files\NetSarang;C:\Program Files (x86)\NVIDIA Corporation\PhysX\Common;C:\Program Files (x86)\Intel\iCLS Client\;C:\Program Files\Intel\iCLS Client\;C:\windows\system32;C:\windows;C:\windows\System32\Wbem;C:\windows\System32\WindowsPowerShell\v1.0\;C:\Program Files\Intel\Intel(R) Management Engine Components\DAL;C:\Program Files\Intel\Intel(R) Management Engine Components\IPT;C:\Program Files (x86)\Intel\Intel(R) Management Engine Components\DAL;C:\Program Files (x86)\Intel\Intel(R) Management Engine Components\IPT;C:\Program Files\TortoiseSVN\bin;D:\jdk1.7.0_40\bin;D:\jdk1.7.0_40\jre\bin;D:\apache-maven\bin;E:\mongodb\mongodb2.4.9\bin;E:\mysql-5.6.16-winx64\bin;C:\Program Files\TortoiseGit\bin;D:\erl6.1\bin;C:\Program Files\OpenVPN\bin;E:\tank\eclips-luna\eclipse;;."/>
    <property name="surefire.test.class.path" value="E:\tank\luna\EasyNT\NTDB\target\test-classes;E:\tank\luna\EasyNT\NTDB\target\classes;E:\tank\repository\org\springframework\data\spring-data-mongodb\1.3.1.RELEASE\spring-data-mongodb-1.3.1.RELEASE.jar;E:\tank\repository\org\springframework\data\spring-data-commons\1.6.1.RELEASE\spring-data-commons-1.6.1.RELEASE.jar;E:\tank\repository\org\mongodb\mongo-java-driver\2.10.1\mongo-java-driver-2.10.1.jar;E:\tank\repository\org\slf4j\jcl-over-slf4j\1.7.1\jcl-over-slf4j-1.7.1.jar;E:\tank\repository\org\springframework\spring-core\3.2.8.RELEASE\spring-core-3.2.8.RELEASE.jar;E:\tank\repository\commons-logging\commons-logging\1.1.3\commons-logging-1.1.3.jar;E:\tank\repository\org\springframework\spring-expression\3.2.8.RELEASE\spring-expression-3.2.8.RELEASE.jar;E:\tank\repository\org\springframework\spring-tx\3.2.8.RELEASE\spring-tx-3.2.8.RELEASE.jar;E:\tank\repository\org\springframework\spring-beans\3.2.8.RELEASE\spring-beans-3.2.8.RELEASE.jar;E:\tank\repository\org\springframework\spring-aop\3.2.8.RELEASE\spring-aop-3.2.8.RELEASE.jar;E:\tank\repository\aopalliance\aopalliance\1.0\aopalliance-1.0.jar;E:\tank\repository\org\springframework\spring-context\3.2.8.RELEASE\spring-context-3.2.8.RELEASE.jar;E:\tank\repository\org\springframework\spring-context-support\3.2.8.RELEASE\spring-context-support-3.2.8.RELEASE.jar;E:\tank\repository\org\springframework\spring-test\3.2.8.RELEASE\spring-test-3.2.8.RELEASE.jar;E:\tank\repository\org\springframework\data\spring-data-redis\1.2.0.RELEASE\spring-data-redis-1.2.0.RELEASE.jar;E:\tank\repository\redis\clients\jedis\2.4.1\jedis-2.4.1.jar;E:\tank\repository\org\apache\commons\commons-pool2\2.0\commons-pool2-2.0.jar;E:\tank\repository\junit\junit\4.9\junit-4.9.jar;E:\tank\repository\org\hamcrest\hamcrest-core\1.1\hamcrest-core-1.1.jar;E:\tank\repository\org\slf4j\slf4j-api\1.6.1\slf4j-api-1.6.1.jar;E:\tank\repository\ch\qos\logback\logback-core\0.9.28\logback-core-0.9.28.jar;E:\tank\repository\ch\qos\logback\logback-classic\0.9.28\logback-classic-0.9.28.jar;E:\tank\repository\org\codehaus\jackson\jackson-core-asl\1.9.12\jackson-core-asl-1.9.12.jar;E:\tank\repository\org\codehaus\jackson\jackson-mapper-asl\1.9.13\jackson-mapper-asl-1.9.13.jar;E:\tank\repository\commons-beanutils\commons-beanutils\1.8.3\commons-beanutils-1.8.3.jar;E:\tank\repository\commons-lang\commons-lang\2.6\commons-lang-2.6.jar;E:\tank\repository\com\google\guava\guava\18.0\guava-18.0.jar;E:\tank\repository\com\alibaba\fastjson\1.1.23\fastjson-1.1.23.jar;"/>
    <property name="java.specification.name" value="Java Platform API Specification"/>
    <property name="java.class.version" value="51.0"/>
    <property name="sun.management.compiler" value="HotSpot 64-Bit Tiered Compilers"/>
    <property name="os.version" value="6.1"/>
    <property name="user.home" value="C:\Users\a"/>
    <property name="user.timezone" value="Asia/Shanghai"/>
    <property name="java.awt.printerjob" value="sun.awt.windows.WPrinterJob"/>
    <property name="java.specification.version" value="1.7"/>
    <property name="file.encoding" value="GBK"/>
    <property name="user.name" value="a"/>
    <property name="java.class.path" value="E:\tank\luna\EasyNT\NTDB\target\test-classes;E:\tank\luna\EasyNT\NTDB\target\classes;E:\tank\repository\org\springframework\data\spring-data-mongodb\1.3.1.RELEASE\spring-data-mongodb-1.3.1.RELEASE.jar;E:\tank\repository\org\springframework\data\spring-data-commons\1.6.1.RELEASE\spring-data-commons-1.6.1.RELEASE.jar;E:\tank\repository\org\mongodb\mongo-java-driver\2.10.1\mongo-java-driver-2.10.1.jar;E:\tank\repository\org\slf4j\jcl-over-slf4j\1.7.1\jcl-over-slf4j-1.7.1.jar;E:\tank\repository\org\springframework\spring-core\3.2.8.RELEASE\spring-core-3.2.8.RELEASE.jar;E:\tank\repository\commons-logging\commons-logging\1.1.3\commons-logging-1.1.3.jar;E:\tank\repository\org\springframework\spring-expression\3.2.8.RELEASE\spring-expression-3.2.8.RELEASE.jar;E:\tank\repository\org\springframework\spring-tx\3.2.8.RELEASE\spring-tx-3.2.8.RELEASE.jar;E:\tank\repository\org\springframework\spring-beans\3.2.8.RELEASE\spring-beans-3.2.8.RELEASE.jar;E:\tank\repository\org\springframework\spring-aop\3.2.8.RELEASE\spring-aop-3.2.8.RELEASE.jar;E:\tank\repository\aopalliance\aopalliance\1.0\aopalliance-1.0.jar;E:\tank\repository\org\springframework\spring-context\3.2.8.RELEASE\spring-context-3.2.8.RELEASE.jar;E:\tank\repository\org\springframework\spring-context-support\3.2.8.RELEASE\spring-context-support-3.2.8.RELEASE.jar;E:\tank\repository\org\springframework\spring-test\3.2.8.RELEASE\spring-test-3.2.8.RELEASE.jar;E:\tank\repository\org\springframework\data\spring-data-redis\1.2.0.RELEASE\spring-data-redis-1.2.0.RELEASE.jar;E:\tank\repository\redis\clients\jedis\2.4.1\jedis-2.4.1.jar;E:\tank\repository\org\apache\commons\commons-pool2\2.0\commons-pool2-2.0.jar;E:\tank\repository\junit\junit\4.9\junit-4.9.jar;E:\tank\repository\org\hamcrest\hamcrest-core\1.1\hamcrest-core-1.1.jar;E:\tank\repository\org\slf4j\slf4j-api\1.6.1\slf4j-api-1.6.1.jar;E:\tank\repository\ch\qos\logback\logback-core\0.9.28\logback-core-0.9.28.jar;E:\tank\repository\ch\qos\logback\logback-classic\0.9.28\logback-classic-0.9.28.jar;E:\tank\repository\org\codehaus\jackson\jackson-core-asl\1.9.12\jackson-core-asl-1.9.12.jar;E:\tank\repository\org\codehaus\jackson\jackson-mapper-asl\1.9.13\jackson-mapper-asl-1.9.13.jar;E:\tank\repository\commons-beanutils\commons-beanutils\1.8.3\commons-beanutils-1.8.3.jar;E:\tank\repository\commons-lang\commons-lang\2.6\commons-lang-2.6.jar;E:\tank\repository\com\google\guava\guava\18.0\guava-18.0.jar;E:\tank\repository\com\alibaba\fastjson\1.1.23\fastjson-1.1.23.jar;"/>
    <property name="java.vm.specification.version" value="1.7"/>
    <property name="sun.arch.data.model" value="64"/>
    <property name="java.home" value="D:\jdk1.7.0_40\jre"/>
    <property name="sun.java.command" value="E:\tank\luna\EasyNT\NTDB\target\surefire\surefirebooter1905986537524342076.jar E:\tank\luna\EasyNT\NTDB\target\surefire\surefire4953188201418387803tmp E:\tank\luna\EasyNT\NTDB\target\surefire\surefire2792144418564792493tmp"/>
    <property name="java.specification.vendor" value="Oracle Corporation"/>
    <property name="user.language" value="zh"/>
    <property name="awt.toolkit" value="sun.awt.windows.WToolkit"/>
    <property name="java.vm.info" value="mixed mode"/>
    <property name="java.version" value="1.7.0_40"/>
    <property name="java.ext.dirs" value="D:\jdk1.7.0_40\jre\lib\ext;C:\windows\Sun\Java\lib\ext"/>
    <property name="sun.boot.class.path" value="D:\jdk1.7.0_40\jre\lib\resources.jar;D:\jdk1.7.0_40\jre\lib\rt.jar;D:\jdk1.7.0_40\jre\lib\sunrsasign.jar;D:\jdk1.7.0_40\jre\lib\jsse.jar;D:\jdk1.7.0_40\jre\lib\jce.jar;D:\jdk1.7.0_40\jre\lib\charsets.jar;D:\jdk1.7.0_40\jre\lib\jfr.jar;D:\jdk1.7.0_40\jre\classes"/>
    <property name="java.vendor" value="Oracle Corporation"/>
    <property name="localRepository" value="E:\tank\repository"/>
    <property name="file.separator" value="\"/>
    <property name="java.vendor.url.bug" value="http://bugreport.sun.com/bugreport/"/>
    <property name="sun.cpu.endian" value="little"/>
    <property name="sun.io.unicode.encoding" value="UnicodeLittle"/>
    <property name="sun.desktop" value="windows"/>
    <property name="sun.cpu.isalist" value="amd64"/>
  </properties>
  <testcase time="0.004" classname="com.easy.ntdb.BaseTest" name="initializationError">
    <error message="No runnable methods" type="java.lang.Exception">java.lang.Exception: No runnable methods
	at org.junit.runners.BlockJUnit4ClassRunner.validateInstanceMethods(BlockJUnit4ClassRunner.java:157)
	at org.junit.runners.BlockJUnit4ClassRunner.collectInitializationErrors(BlockJUnit4ClassRunner.java:102)
	at org.junit.runners.ParentRunner.validate(ParentRunner.java:336)
	at org.junit.runners.ParentRunner.&lt;init&gt;(ParentRunner.java:74)
	at org.junit.runners.BlockJUnit4ClassRunner.&lt;init&gt;(BlockJUnit4ClassRunner.java:56)
	at org.springframework.test.context.junit4.SpringJUnit4ClassRunner.&lt;init&gt;(SpringJUnit4ClassRunner.java:104)
	at sun.reflect.NativeConstructorAccessorImpl.newInstance0(Native Method)
	at sun.reflect.NativeConstructorAccessorImpl.newInstance(NativeConstructorAccessorImpl.java:57)
	at sun.reflect.DelegatingConstructorAccessorImpl.newInstance(DelegatingConstructorAccessorImpl.java:45)
	at java.lang.reflect.Constructor.newInstance(Constructor.java:526)
	at org.junit.internal.builders.AnnotatedBuilder.buildRunner(AnnotatedBuilder.java:31)
	at org.junit.internal.builders.AnnotatedBuilder.runnerForClass(AnnotatedBuilder.java:24)
	at org.junit.runners.model.RunnerBuilder.safeRunnerForClass(RunnerBuilder.java:57)
	at org.junit.internal.builders.AllDefaultPossibilitiesBuilder.runnerForClass(AllDefaultPossibilitiesBuilder.java:29)
	at org.junit.runners.model.RunnerBuilder.safeRunnerForClass(RunnerBuilder.java:57)
	at org.junit.internal.requests.ClassRequest.getRunner(ClassRequest.java:24)
	at org.apache.maven.surefire.junit4.JUnit4TestSet.execute(JUnit4TestSet.java:33)
	at org.apache.maven.surefire.junit4.JUnit4Provider.executeTestSet(JUnit4Provider.java:115)
	at org.apache.maven.surefire.junit4.JUnit4Provider.invoke(JUnit4Provider.java:97)
	at sun.reflect.NativeMethodAccessorImpl.invoke0(Native Method)
	at sun.reflect.NativeMethodAccessorImpl.invoke(NativeMethodAccessorImpl.java:57)
	at sun.reflect.DelegatingMethodAccessorImpl.invoke(DelegatingMethodAccessorImpl.java:43)
	at java.lang.reflect.Method.invoke(Method.java:606)
	at org.apache.maven.surefire.booter.ProviderFactory$ClassLoaderProxy.invoke(ProviderFactory.java:103)
	at com.sun.proxy.$Proxy0.invoke(Unknown Source)
	at org.apache.maven.surefire.booter.SurefireStarter.invokeProvider(SurefireStarter.java:150)
	at org.apache.maven.surefire.booter.SurefireStarter.runSuitesInProcess(SurefireStarter.java:91)
	at org.apache.maven.surefire.booter.ForkedBooter.main(ForkedBooter.java:69)
</error>
    <system-out>@HL
@HL-------------------------------------------------------
@HL T E S T S
@HL-------------------------------------------------------
@SLRunning com.easy.ntdb.BaseTest
</system-out>
  </testcase>
</testsuite>