<?xml version="1.0" encoding="UTF-8" ?>
<testsuite failures="0" time="0.139" errors="1" skipped="0" tests="1" name="com.easynetty4.bean.proto.HeaderBufTest">
  <properties>
    <property name="java.runtime.name" value="Java(TM) SE Runtime Environment"/>
    <property name="sun.boot.library.path" value="D:\jdk1.7.0_40\jre\bin"/>
    <property name="java.vm.version" value="24.0-b56"/>
    <property name="java.vm.vendor" value="Oracle Corporation"/>
    <property name="java.vendor.url" value="http://java.oracle.com/"/>
    <property name="path.separator" value=";"/>
    <property name="java.vm.name" value="Java HotSpot(TM) 64-Bit Server VM"/>
    <property name="file.encoding.pkg" value="sun.io"/>
    <property name="user.script" value=""/>
    <property name="user.country" value="CN"/>
    <property name="sun.java.launcher" value="SUN_STANDARD"/>
    <property name="sun.os.patch.level" value="Service Pack 1"/>
    <property name="java.vm.specification.name" value="Java Virtual Machine Specification"/>
    <property name="user.dir" value="E:\tank\luna\EasyNT\NTNetty"/>
    <property name="java.runtime.version" value="1.7.0_40-b43"/>
    <property name="java.awt.graphicsenv" value="sun.awt.Win32GraphicsEnvironment"/>
    <property name="basedir" value="E:\tank\luna\EasyNT\NTNetty"/>
    <property name="java.endorsed.dirs" value="D:\jdk1.7.0_40\jre\lib\endorsed"/>
    <property name="os.arch" value="amd64"/>
    <property name="surefire.real.class.path" value="E:\tank\luna\EasyNT\NTNetty\target\surefire\surefirebooter312163505718439473.jar"/>
    <property name="java.io.tmpdir" value="C:\Users\a\AppData\Local\Temp\"/>
    <property name="line.separator" value="
"/>
    <property name="java.vm.specification.vendor" value="Oracle Corporation"/>
    <property name="user.variant" value=""/>
    <property name="os.name" value="Windows 7"/>
    <property name="sun.jnu.encoding" value="GBK"/>
    <property name="java.library.path" value="D:\jdk1.7.0_40\jre\bin;C:\windows\Sun\Java\bin;C:\windows\system32;C:\windows;D:/jdk1.7.0_40/bin/../jre/bin/server;D:/jdk1.7.0_40/bin/../jre/bin;D:/jdk1.7.0_40/bin/../jre/lib/amd64;C:\Program Files (x86)\Common Files\NetSarang;C:\Program Files (x86)\NVIDIA Corporation\PhysX\Common;C:\Program Files (x86)\Intel\iCLS Client\;C:\Program Files\Intel\iCLS Client\;C:\windows\system32;C:\windows;C:\windows\System32\Wbem;C:\windows\System32\WindowsPowerShell\v1.0\;C:\Program Files\Intel\Intel(R) Management Engine Components\DAL;C:\Program Files\Intel\Intel(R) Management Engine Components\IPT;C:\Program Files (x86)\Intel\Intel(R) Management Engine Components\DAL;C:\Program Files (x86)\Intel\Intel(R) Management Engine Components\IPT;C:\Program Files\TortoiseSVN\bin;D:\jdk1.7.0_40\bin;D:\jdk1.7.0_40\jre\bin;D:\apache-maven\bin;E:\mongodb\mongodb2.4.9\bin;E:\mysql-5.6.16-winx64\bin;C:\Program Files\TortoiseGit\bin;D:\erl6.1\bin;C:\Program Files\OpenVPN\bin;E:\tank\eclips-luna\eclipse;;."/>
    <property name="surefire.test.class.path" value="E:\tank\luna\EasyNT\NTNetty\target\test-classes;E:\tank\luna\EasyNT\NTNetty\target\classes;E:\tank\repository\io\netty\netty-all\5.0.0.Alpha1\netty-all-5.0.0.Alpha1.jar;E:\tank\repository\com\google\protobuf\protobuf-java\2.5.0\protobuf-java-2.5.0.jar;E:\tank\repository\com\googlecode\kryo\1.04\kryo-1.04.jar;E:\tank\repository\asm\asm\3.2\asm-3.2.jar;E:\tank\repository\com\googlecode\reflectasm\1.01\reflectasm-1.01.jar;E:\tank\repository\com\googlecode\minlog\1.2\minlog-1.2.jar;E:\tank\repository\org\jboss\marshalling\jboss-marshalling\1.4.10.Final\jboss-marshalling-1.4.10.Final.jar;E:\tank\repository\org\jboss\marshalling\jboss-marshalling-serial\1.4.10.Final\jboss-marshalling-serial-1.4.10.Final.jar;E:\tank\repository\com\easy\NTProtocol\1.0\NTProtocol-1.0.jar;E:\tank\repository\junit\junit\4.10\junit-4.10.jar;E:\tank\repository\org\hamcrest\hamcrest-core\1.1\hamcrest-core-1.1.jar;E:\tank\repository\org\slf4j\slf4j-api\1.6.1\slf4j-api-1.6.1.jar;E:\tank\repository\ch\qos\logback\logback-core\0.9.28\logback-core-0.9.28.jar;E:\tank\repository\ch\qos\logback\logback-classic\0.9.28\logback-classic-0.9.28.jar;E:\tank\repository\org\codehaus\jackson\jackson-core-asl\1.9.12\jackson-core-asl-1.9.12.jar;E:\tank\repository\org\codehaus\jackson\jackson-mapper-asl\1.9.13\jackson-mapper-asl-1.9.13.jar;E:\tank\repository\commons-beanutils\commons-beanutils\1.8.3\commons-beanutils-1.8.3.jar;E:\tank\repository\commons-logging\commons-logging\1.1.1\commons-logging-1.1.1.jar;E:\tank\repository\commons-lang\commons-lang\2.6\commons-lang-2.6.jar;E:\tank\repository\com\google\guava\guava\18.0\guava-18.0.jar;E:\tank\repository\com\alibaba\fastjson\1.1.23\fastjson-1.1.23.jar;"/>
    <property name="java.specification.name" value="Java Platform API Specification"/>
    <property name="java.class.version" value="51.0"/>
    <property name="sun.management.compiler" value="HotSpot 64-Bit Tiered Compilers"/>
    <property name="os.version" value="6.1"/>
    <property name="user.home" value="C:\Users\a"/>
    <property name="user.timezone" value=""/>
    <property name="java.awt.printerjob" value="sun.awt.windows.WPrinterJob"/>
    <property name="java.specification.version" value="1.7"/>
    <property name="file.encoding" value="GBK"/>
    <property name="user.name" value="a"/>
    <property name="java.class.path" value="E:\tank\luna\EasyNT\NTNetty\target\test-classes;E:\tank\luna\EasyNT\NTNetty\target\classes;E:\tank\repository\io\netty\netty-all\5.0.0.Alpha1\netty-all-5.0.0.Alpha1.jar;E:\tank\repository\com\google\protobuf\protobuf-java\2.5.0\protobuf-java-2.5.0.jar;E:\tank\repository\com\googlecode\kryo\1.04\kryo-1.04.jar;E:\tank\repository\asm\asm\3.2\asm-3.2.jar;E:\tank\repository\com\googlecode\reflectasm\1.01\reflectasm-1.01.jar;E:\tank\repository\com\googlecode\minlog\1.2\minlog-1.2.jar;E:\tank\repository\org\jboss\marshalling\jboss-marshalling\1.4.10.Final\jboss-marshalling-1.4.10.Final.jar;E:\tank\repository\org\jboss\marshalling\jboss-marshalling-serial\1.4.10.Final\jboss-marshalling-serial-1.4.10.Final.jar;E:\tank\repository\com\easy\NTProtocol\1.0\NTProtocol-1.0.jar;E:\tank\repository\junit\junit\4.10\junit-4.10.jar;E:\tank\repository\org\hamcrest\hamcrest-core\1.1\hamcrest-core-1.1.jar;E:\tank\repository\org\slf4j\slf4j-api\1.6.1\slf4j-api-1.6.1.jar;E:\tank\repository\ch\qos\logback\logback-core\0.9.28\logback-core-0.9.28.jar;E:\tank\repository\ch\qos\logback\logback-classic\0.9.28\logback-classic-0.9.28.jar;E:\tank\repository\org\codehaus\jackson\jackson-core-asl\1.9.12\jackson-core-asl-1.9.12.jar;E:\tank\repository\org\codehaus\jackson\jackson-mapper-asl\1.9.13\jackson-mapper-asl-1.9.13.jar;E:\tank\repository\commons-beanutils\commons-beanutils\1.8.3\commons-beanutils-1.8.3.jar;E:\tank\repository\commons-logging\commons-logging\1.1.1\commons-logging-1.1.1.jar;E:\tank\repository\commons-lang\commons-lang\2.6\commons-lang-2.6.jar;E:\tank\repository\com\google\guava\guava\18.0\guava-18.0.jar;E:\tank\repository\com\alibaba\fastjson\1.1.23\fastjson-1.1.23.jar;"/>
    <property name="java.vm.specification.version" value="1.7"/>
    <property name="sun.arch.data.model" value="64"/>
    <property name="java.home" value="D:\jdk1.7.0_40\jre"/>
    <property name="sun.java.command" value="E:\tank\luna\EasyNT\NTNetty\target\surefire\surefirebooter312163505718439473.jar E:\tank\luna\EasyNT\NTNetty\target\surefire\surefire799456232287397264tmp E:\tank\luna\EasyNT\NTNetty\target\surefire\surefire4773549039681561874tmp"/>
    <property name="java.specification.vendor" value="Oracle Corporation"/>
    <property name="user.language" value="zh"/>
    <property name="awt.toolkit" value="sun.awt.windows.WToolkit"/>
    <property name="java.vm.info" value="mixed mode"/>
    <property name="java.version" value="1.7.0_40"/>
    <property name="java.ext.dirs" value="D:\jdk1.7.0_40\jre\lib\ext;C:\windows\Sun\Java\lib\ext"/>
    <property name="sun.boot.class.path" value="D:\jdk1.7.0_40\jre\lib\resources.jar;D:\jdk1.7.0_40\jre\lib\rt.jar;D:\jdk1.7.0_40\jre\lib\sunrsasign.jar;D:\jdk1.7.0_40\jre\lib\jsse.jar;D:\jdk1.7.0_40\jre\lib\jce.jar;D:\jdk1.7.0_40\jre\lib\charsets.jar;D:\jdk1.7.0_40\jre\lib\jfr.jar;D:\jdk1.7.0_40\jre\classes"/>
    <property name="java.vendor" value="Oracle Corporation"/>
    <property name="localRepository" value="E:\tank\repository"/>
    <property name="file.separator" value="\"/>
    <property name="java.vendor.url.bug" value="http://bugreport.sun.com/bugreport/"/>
    <property name="sun.cpu.endian" value="little"/>
    <property name="sun.io.unicode.encoding" value="UnicodeLittle"/>
    <property name="sun.desktop" value="windows"/>
    <property name="sun.cpu.isalist" value="amd64"/>
  </properties>
  <testcase time="0.091" classname="com.easynetty4.bean.proto.HeaderBufTest" name="test">
    <error message="Message missing required fields: mtype" type="com.google.protobuf.UninitializedMessageException">com.google.protobuf.UninitializedMessageException: Message missing required fields: mtype
	at com.google.protobuf.AbstractMessage$Builder.newUninitializedMessageException(AbstractMessage.java:770)
	at com.easynetty4.bean.proto.HeaderBuf$Header$Builder.build(HeaderBuf.java:1978)
	at com.easynetty4.bean.proto.HeaderBufTest.test(HeaderBufTest.java:16)
	at sun.reflect.NativeMethodAccessorImpl.invoke0(Native Method)
	at sun.reflect.NativeMethodAccessorImpl.invoke(NativeMethodAccessorImpl.java:57)
	at sun.reflect.DelegatingMethodAccessorImpl.invoke(DelegatingMethodAccessorImpl.java:43)
	at java.lang.reflect.Method.invoke(Method.java:606)
	at org.junit.runners.model.FrameworkMethod$1.runReflectiveCall(FrameworkMethod.java:45)
	at org.junit.internal.runners.model.ReflectiveCallable.run(ReflectiveCallable.java:15)
	at org.junit.runners.model.FrameworkMethod.invokeExplosively(FrameworkMethod.java:42)
	at org.junit.internal.runners.statements.InvokeMethod.evaluate(InvokeMethod.java:20)
	at org.junit.runners.ParentRunner.runLeaf(ParentRunner.java:263)
	at org.junit.runners.BlockJUnit4ClassRunner.runChild(BlockJUnit4ClassRunner.java:68)
	at org.junit.runners.BlockJUnit4ClassRunner.runChild(BlockJUnit4ClassRunner.java:47)
	at org.junit.runners.ParentRunner$3.run(ParentRunner.java:231)
	at org.junit.runners.ParentRunner$1.schedule(ParentRunner.java:60)
	at org.junit.runners.ParentRunner.runChildren(ParentRunner.java:229)
	at org.junit.runners.ParentRunner.access$000(ParentRunner.java:50)
	at org.junit.runners.ParentRunner$2.evaluate(ParentRunner.java:222)
	at org.junit.runners.ParentRunner.run(ParentRunner.java:300)
	at org.apache.maven.surefire.junit4.JUnit4TestSet.execute(JUnit4TestSet.java:35)
	at org.apache.maven.surefire.junit4.JUnit4Provider.executeTestSet(JUnit4Provider.java:115)
	at org.apache.maven.surefire.junit4.JUnit4Provider.invoke(JUnit4Provider.java:97)
	at sun.reflect.NativeMethodAccessorImpl.invoke0(Native Method)
	at sun.reflect.NativeMethodAccessorImpl.invoke(NativeMethodAccessorImpl.java:57)
	at sun.reflect.DelegatingMethodAccessorImpl.invoke(DelegatingMethodAccessorImpl.java:43)
	at java.lang.reflect.Method.invoke(Method.java:606)
	at org.apache.maven.surefire.booter.ProviderFactory$ClassLoaderProxy.invoke(ProviderFactory.java:103)
	at com.sun.proxy.$Proxy0.invoke(Unknown Source)
	at org.apache.maven.surefire.booter.SurefireStarter.invokeProvider(SurefireStarter.java:150)
	at org.apache.maven.surefire.booter.SurefireStarter.runSuitesInProcess(SurefireStarter.java:91)
	at org.apache.maven.surefire.booter.ForkedBooter.main(ForkedBooter.java:69)
</error>
    <system-out>@HL
@HL-------------------------------------------------------
@HL T E S T S
@HL-------------------------------------------------------
@SLRunning com.easynetty4.bean.proto.HeaderBufTest
</system-out>
  </testcase>
</testsuite>